{"C:\\Users\\Simon\\Desktop\\vinted Task\\infinite-scroll\\src\\App.tsx": {"path":"C:\\Users\\Simon\\Desktop\\vinted Task\\infinite-scroll\\src\\App.tsx","statementMap":{"0":{"start":{"line":1,"column":0},"end":{"line":1,"column":37}},"1":{"start":{"line":2,"column":0},"end":{"line":2,"column":19}},"2":{"start":{"line":4,"column":12},"end":{"line":8,"column":1}},"3":{"start":{"line":5,"column":2},"end":{"line":7,"column":4}},"4":{"start":{"line":10,"column":0},"end":{"line":10,"column":19}}},"fnMap":{"0":{"name":"(anonymous_1)","decl":{"start":{"line":4,"column":12},"end":{"line":4,"column":15}},"loc":{"start":{"line":4,"column":17},"end":{"line":8,"column":1}}}},"branchMap":{},"s":{"0":1,"1":1,"2":1,"3":1,"4":1},"f":{"0":1},"b":{}}
,"C:\\Users\\Simon\\Desktop\\vinted Task\\infinite-scroll\\src\\components\\PhotoCard\\PhotoCard.tsx": {"path":"C:\\Users\\Simon\\Desktop\\vinted Task\\infinite-scroll\\src\\components\\PhotoCard\\PhotoCard.tsx","statementMap":{"0":{"start":{"line":3,"column":0},"end":{"line":3,"column":21}},"1":{"start":{"line":6,"column":53},"end":{"line":42,"column":1}},"2":{"start":{"line":10,"column":4},"end":{"line":41,"column":6}},"3":{"start":{"line":36,"column":83},"end":{"line":36,"column":108}},"4":{"start":{"line":44,"column":0},"end":{"line":44,"column":null}}},"fnMap":{"0":{"name":"(anonymous_0)","decl":{"start":{"line":6,"column":53},"end":{"line":6,"column":54}},"loc":{"start":{"line":9,"column":25},"end":{"line":42,"column":1}}},"1":{"name":"(anonymous_1)","decl":{"start":{"line":36,"column":77},"end":{"line":36,"column":80}},"loc":{"start":{"line":36,"column":83},"end":{"line":36,"column":108}}}},"branchMap":{"0":{"loc":{"start":{"line":23,"column":25},"end":{"line":23,"column":56}},"type":"binary-expr","locations":[{"start":{"line":23,"column":25},"end":{"line":23,"column":34}},{"start":{"line":23,"column":38},"end":{"line":23,"column":56}}]},"1":{"loc":{"start":{"line":29,"column":17},"end":{"line":33,"column":null}},"type":"binary-expr","locations":[{"start":{"line":29,"column":17},"end":{"line":29,"column":26}},{"start":{"line":30,"column":20},"end":{"line":32,"column":null}}]},"2":{"loc":{"start":{"line":37,"column":21},"end":{"line":37,"column":62}},"type":"cond-expr","locations":[{"start":{"line":37,"column":35},"end":{"line":37,"column":48}},{"start":{"line":37,"column":51},"end":{"line":37,"column":62}}]}},"s":{"0":1,"1":1,"2":3,"3":1,"4":1},"f":{"0":3,"1":1},"b":{"0":[3,0],"1":[3,3],"2":[1,2]}}
,"C:\\Users\\Simon\\Desktop\\vinted Task\\infinite-scroll\\src\\hooks\\API\\useApi.ts": {"path":"C:\\Users\\Simon\\Desktop\\vinted Task\\infinite-scroll\\src\\hooks\\API\\useApi.ts","statementMap":{"0":{"start":{"line":1,"column":0},"end":{"line":1,"column":36}},"1":{"start":{"line":2,"column":0},"end":{"line":2,"column":64}},"2":{"start":{"line":14,"column":22},"end":{"line":54,"column":1}},"3":{"start":{"line":16,"column":22},"end":{"line":43,"column":null}},"4":{"start":{"line":18,"column":6},"end":{"line":41,"column":7}},"5":{"start":{"line":19,"column":20},"end":{"line":19,"column":40}},"6":{"start":{"line":20,"column":24},"end":{"line":23,"column":10}},"7":{"start":{"line":25,"column":25},"end":{"line":29,"column":10}},"8":{"start":{"line":31,"column":8},"end":{"line":35,"column":9}},"9":{"start":{"line":32,"column":31},"end":{"line":32,"column":87}},"10":{"start":{"line":33,"column":10},"end":{"line":33,"column":83}},"11":{"start":{"line":33,"column":23},"end":{"line":33,"column":83}},"12":{"start":{"line":34,"column":10},"end":{"line":34,"column":22}},"13":{"start":{"line":37,"column":8},"end":{"line":37,"column":37}},"14":{"start":{"line":39,"column":8},"end":{"line":39,"column":93}},"15":{"start":{"line":39,"column":21},"end":{"line":39,"column":93}},"16":{"start":{"line":40,"column":8},"end":{"line":40,"column":20}},"17":{"start":{"line":46,"column":29},"end":{"line":50,"column":null}},"18":{"start":{"line":48,"column":4},"end":{"line":48,"column":null}},"19":{"start":{"line":53,"column":2},"end":{"line":53,"column":32}},"20":{"start":{"line":14,"column":13},"end":{"line":14,"column":22}}},"fnMap":{"0":{"name":"(anonymous_0)","decl":{"start":{"line":14,"column":22},"end":{"line":14,"column":23}},"loc":{"start":{"line":14,"column":58},"end":{"line":54,"column":1}}},"1":{"name":"(anonymous_1)","decl":{"start":{"line":17,"column":4},"end":{"line":17,"column":9}},"loc":{"start":{"line":17,"column":81},"end":{"line":42,"column":5}}},"2":{"name":"(anonymous_2)","decl":{"start":{"line":47,"column":4},"end":{"line":47,"column":5}},"loc":{"start":{"line":48,"column":4},"end":{"line":48,"column":null}}}},"branchMap":{"0":{"loc":{"start":{"line":14,"column":23},"end":{"line":14,"column":54}},"type":"default-arg","locations":[{"start":{"line":14,"column":52},"end":{"line":14,"column":54}}]},"1":{"loc":{"start":{"line":22,"column":14},"end":{"line":22,"column":60}},"type":"binary-expr","locations":[{"start":{"line":22,"column":14},"end":{"line":22,"column":18}},{"start":{"line":22,"column":22},"end":{"line":22,"column":60}}]},"2":{"loc":{"start":{"line":28,"column":16},"end":{"line":28,"column":55}},"type":"cond-expr","locations":[{"start":{"line":28,"column":23},"end":{"line":28,"column":43}},{"start":{"line":28,"column":46},"end":{"line":28,"column":55}}]},"3":{"loc":{"start":{"line":31,"column":8},"end":{"line":35,"column":9}},"type":"if","locations":[{"start":{"line":31,"column":8},"end":{"line":35,"column":9}}]},"4":{"loc":{"start":{"line":33,"column":10},"end":{"line":33,"column":83}},"type":"if","locations":[{"start":{"line":33,"column":10},"end":{"line":33,"column":83}}]},"5":{"loc":{"start":{"line":39,"column":8},"end":{"line":39,"column":93}},"type":"if","locations":[{"start":{"line":39,"column":8},"end":{"line":39,"column":93}}]},"6":{"loc":{"start":{"line":47,"column":5},"end":{"line":47,"column":17}},"type":"default-arg","locations":[{"start":{"line":47,"column":15},"end":{"line":47,"column":17}}]},"7":{"loc":{"start":{"line":47,"column":19},"end":{"line":47,"column":27}},"type":"default-arg","locations":[{"start":{"line":47,"column":26},"end":{"line":47,"column":27}}]}},"s":{"0":1,"1":1,"2":1,"3":3,"4":3,"5":3,"6":3,"7":3,"8":2,"9":1,"10":1,"11":1,"12":1,"13":1,"14":1,"15":1,"16":1,"17":3,"18":3,"19":3,"20":1},"f":{"0":3,"1":3,"2":3},"b":{"0":[0],"1":[3,0],"2":[0,3],"3":[1],"4":[1],"5":[1],"6":[0],"7":[0]}}
,"C:\\Users\\Simon\\Desktop\\vinted Task\\infinite-scroll\\src\\hooks\\FavouritePhotos\\useFavouritePhotos.ts": {"path":"C:\\Users\\Simon\\Desktop\\vinted Task\\infinite-scroll\\src\\hooks\\FavouritePhotos\\useFavouritePhotos.ts","statementMap":{"0":{"start":{"line":1,"column":0},"end":{"line":1,"column":44}},"1":{"start":{"line":3,"column":34},"end":{"line":22,"column":1}},"2":{"start":{"line":4,"column":40},"end":{"line":7,"column":6}},"3":{"start":{"line":5,"column":32},"end":{"line":5,"column":64}},"4":{"start":{"line":6,"column":8},"end":{"line":6,"column":66}},"5":{"start":{"line":9,"column":4},"end":{"line":11,"column":21}},"6":{"start":{"line":10,"column":8},"end":{"line":10,"column":69}},"7":{"start":{"line":13,"column":28},"end":{"line":19,"column":5}},"8":{"start":{"line":14,"column":8},"end":{"line":18,"column":10}},"9":{"start":{"line":15,"column":12},"end":{"line":17,"column":46}},"10":{"start":{"line":16,"column":48},"end":{"line":16,"column":62}},"11":{"start":{"line":21,"column":4},"end":{"line":21,"column":43}},"12":{"start":{"line":3,"column":13},"end":{"line":3,"column":34}}},"fnMap":{"0":{"name":"(anonymous_0)","decl":{"start":{"line":3,"column":34},"end":{"line":3,"column":35}},"loc":{"start":{"line":3,"column":64},"end":{"line":22,"column":1}}},"1":{"name":"(anonymous_1)","decl":{"start":{"line":4,"column":59},"end":{"line":4,"column":62}},"loc":{"start":{"line":4,"column":64},"end":{"line":7,"column":5}}},"2":{"name":"(anonymous_2)","decl":{"start":{"line":9,"column":14},"end":{"line":9,"column":17}},"loc":{"start":{"line":9,"column":19},"end":{"line":11,"column":5}}},"3":{"name":"(anonymous_3)","decl":{"start":{"line":13,"column":28},"end":{"line":13,"column":29}},"loc":{"start":{"line":13,"column":48},"end":{"line":19,"column":5}}},"4":{"name":"(anonymous_4)","decl":{"start":{"line":14,"column":22},"end":{"line":14,"column":23}},"loc":{"start":{"line":15,"column":12},"end":{"line":17,"column":46}}},"5":{"name":"(anonymous_5)","decl":{"start":{"line":16,"column":40},"end":{"line":16,"column":41}},"loc":{"start":{"line":16,"column":48},"end":{"line":16,"column":62}}}},"branchMap":{"0":{"loc":{"start":{"line":3,"column":35},"end":{"line":3,"column":60}},"type":"default-arg","locations":[{"start":{"line":3,"column":48},"end":{"line":3,"column":60}}]},"1":{"loc":{"start":{"line":6,"column":15},"end":{"line":6,"column":65}},"type":"cond-expr","locations":[{"start":{"line":6,"column":33},"end":{"line":6,"column":60}},{"start":{"line":6,"column":63},"end":{"line":6,"column":65}}]},"2":{"loc":{"start":{"line":15,"column":12},"end":{"line":17,"column":46}},"type":"cond-expr","locations":[{"start":{"line":16,"column":18},"end":{"line":16,"column":63}},{"start":{"line":17,"column":18},"end":{"line":17,"column":46}}]}},"s":{"0":1,"1":1,"2":10,"3":6,"4":6,"5":10,"6":10,"7":10,"8":7,"9":7,"10":1,"11":10,"12":1},"f":{"0":10,"1":6,"2":10,"3":7,"4":7,"5":1},"b":{"0":[0],"1":[2,4],"2":[1,6]}}
,"C:\\Users\\Simon\\Desktop\\vinted Task\\infinite-scroll\\src\\hooks\\InfinitePhotos\\useInfinitePhotos.ts": {"path":"C:\\Users\\Simon\\Desktop\\vinted Task\\infinite-scroll\\src\\hooks\\InfinitePhotos\\useInfinitePhotos.ts","statementMap":{"0":{"start":{"line":1,"column":0},"end":{"line":1,"column":57}},"1":{"start":{"line":3,"column":0},"end":{"line":3,"column":29}},"2":{"start":{"line":5,"column":33},"end":{"line":45,"column":1}},"3":{"start":{"line":6,"column":32},"end":{"line":6,"column":53}},"4":{"start":{"line":7,"column":34},"end":{"line":7,"column":58}},"5":{"start":{"line":8,"column":30},"end":{"line":8,"column":59}},"6":{"start":{"line":9,"column":28},"end":{"line":9,"column":57}},"7":{"start":{"line":10,"column":34},"end":{"line":10,"column":57}},"8":{"start":{"line":12,"column":35},"end":{"line":16,"column":6}},"9":{"start":{"line":14,"column":12},"end":{"line":14,"column":73}},"10":{"start":{"line":18,"column":24},"end":{"line":37,"column":52}},"11":{"start":{"line":19,"column":8},"end":{"line":19,"column":40}},"12":{"start":{"line":19,"column":33},"end":{"line":19,"column":40}},"13":{"start":{"line":20,"column":8},"end":{"line":20,"column":25}},"14":{"start":{"line":22,"column":8},"end":{"line":36,"column":9}},"15":{"start":{"line":23,"column":29},"end":{"line":23,"column":68}},"16":{"start":{"line":24,"column":12},"end":{"line":33,"column":13}},"17":{"start":{"line":25,"column":16},"end":{"line":30,"column":19}},"18":{"start":{"line":26,"column":38},"end":{"line":27,"column":null}},"19":{"start":{"line":27,"column":38},"end":{"line":27,"column":91}},"20":{"start":{"line":27,"column":66},"end":{"line":27,"column":90}},"21":{"start":{"line":29,"column":20},"end":{"line":29,"column":57}},"22":{"start":{"line":32,"column":16},"end":{"line":32,"column":34}},"23":{"start":{"line":35,"column":12},"end":{"line":35,"column":30}},"24":{"start":{"line":39,"column":4},"end":{"line":41,"column":15}},"25":{"start":{"line":40,"column":8},"end":{"line":40,"column":22}},"26":{"start":{"line":44,"column":4},"end":{"line":44,"column":56}},"27":{"start":{"line":5,"column":13},"end":{"line":5,"column":33}}},"fnMap":{"0":{"name":"(anonymous_0)","decl":{"start":{"line":5,"column":33},"end":{"line":5,"column":34}},"loc":{"start":{"line":5,"column":67},"end":{"line":45,"column":1}}},"1":{"name":"(anonymous_1)","decl":{"start":{"line":13,"column":17},"end":{"line":13,"column":18}},"loc":{"start":{"line":13,"column":67},"end":{"line":15,"column":9}}},"2":{"name":"(anonymous_2)","decl":{"start":{"line":18,"column":36},"end":{"line":18,"column":41}},"loc":{"start":{"line":18,"column":47},"end":{"line":37,"column":5}}},"3":{"name":"(anonymous_3)","decl":{"start":{"line":25,"column":26},"end":{"line":25,"column":27}},"loc":{"start":{"line":25,"column":41},"end":{"line":30,"column":17}}},"4":{"name":"(anonymous_4)","decl":{"start":{"line":27,"column":24},"end":{"line":27,"column":25}},"loc":{"start":{"line":27,"column":38},"end":{"line":27,"column":91}}},"5":{"name":"(anonymous_5)","decl":{"start":{"line":27,"column":55},"end":{"line":27,"column":56}},"loc":{"start":{"line":27,"column":66},"end":{"line":27,"column":90}}},"6":{"name":"(anonymous_6)","decl":{"start":{"line":39,"column":14},"end":{"line":39,"column":17}},"loc":{"start":{"line":39,"column":19},"end":{"line":41,"column":5}}}},"branchMap":{"0":{"loc":{"start":{"line":5,"column":34},"end":{"line":5,"column":49}},"type":"default-arg","locations":[{"start":{"line":5,"column":48},"end":{"line":5,"column":49}}]},"1":{"loc":{"start":{"line":5,"column":51},"end":{"line":5,"column":63}},"type":"default-arg","locations":[{"start":{"line":5,"column":61},"end":{"line":5,"column":63}}]},"2":{"loc":{"start":{"line":14,"column":21},"end":{"line":14,"column":71}},"type":"binary-expr","locations":[{"start":{"line":14,"column":21},"end":{"line":14,"column":37}},{"start":{"line":14,"column":41},"end":{"line":14,"column":71}}]},"3":{"loc":{"start":{"line":19,"column":8},"end":{"line":19,"column":40}},"type":"if","locations":[{"start":{"line":19,"column":8},"end":{"line":19,"column":40}}]},"4":{"loc":{"start":{"line":19,"column":12},"end":{"line":19,"column":31}},"type":"binary-expr","locations":[{"start":{"line":19,"column":12},"end":{"line":19,"column":20}},{"start":{"line":19,"column":24},"end":{"line":19,"column":31}}]},"5":{"loc":{"start":{"line":24,"column":12},"end":{"line":33,"column":13}},"type":"if","locations":[{"start":{"line":24,"column":12},"end":{"line":33,"column":13}},{"start":{"line":31,"column":19},"end":{"line":33,"column":13}}]},"6":{"loc":{"start":{"line":24,"column":16},"end":{"line":24,"column":88}},"type":"binary-expr","locations":[{"start":{"line":24,"column":16},"end":{"line":24,"column":24}},{"start":{"line":24,"column":28},"end":{"line":24,"column":58}},{"start":{"line":24,"column":62},"end":{"line":24,"column":88}}]}},"s":{"0":1,"1":1,"2":1,"3":20,"4":20,"5":20,"6":20,"7":20,"8":20,"9":0,"10":20,"11":8,"12":2,"13":6,"14":6,"15":6,"16":6,"17":4,"18":4,"19":6,"20":2,"21":4,"22":2,"23":6,"24":20,"25":8,"26":20,"27":1},"f":{"0":20,"1":0,"2":8,"3":4,"4":6,"5":2,"6":8},"b":{"0":[20],"1":[20],"2":[0,0],"3":[2],"4":[8,7],"5":[4,2],"6":[6,5,5]}}
,"C:\\Users\\Simon\\Desktop\\vinted Task\\infinite-scroll\\src\\pages\\Home\\Home.tsx": {"path":"C:\\Users\\Simon\\Desktop\\vinted Task\\infinite-scroll\\src\\pages\\Home\\Home.tsx","statementMap":{"0":{"start":{"line":1,"column":0},"end":{"line":1,"column":42}},"1":{"start":{"line":2,"column":0},"end":{"line":2,"column":21}},"2":{"start":{"line":3,"column":0},"end":{"line":3,"column":44}},"3":{"start":{"line":4,"column":0},"end":{"line":4,"column":68}},"4":{"start":{"line":6,"column":13},"end":{"line":53,"column":1}},"5":{"start":{"line":7,"column":22},"end":{"line":7,"column":57}},"6":{"start":{"line":9,"column":57},"end":{"line":9,"column":76}},"7":{"start":{"line":10,"column":44},"end":{"line":10,"column":64}},"8":{"start":{"line":12,"column":4},"end":{"line":31,"column":36}},"9":{"start":{"line":13,"column":8},"end":{"line":13,"column":62}},"10":{"start":{"line":13,"column":55},"end":{"line":13,"column":62}},"11":{"start":{"line":15,"column":25},"end":{"line":25,"column":null}},"12":{"start":{"line":17,"column":16},"end":{"line":19,"column":17}},"13":{"start":{"line":18,"column":20},"end":{"line":18,"column":54}},"14":{"start":{"line":18,"column":40},"end":{"line":18,"column":52}},"15":{"start":{"line":28,"column":8},"end":{"line":28,"column":44}},"16":{"start":{"line":30,"column":8},"end":{"line":30,"column":43}},"17":{"start":{"line":30,"column":21},"end":{"line":30,"column":42}},"18":{"start":{"line":33,"column":4},"end":{"line":33,"column":48}},"19":{"start":{"line":33,"column":15},"end":{"line":33,"column":48}},"20":{"start":{"line":35,"column":4},"end":{"line":52,"column":6}},"21":{"start":{"line":39,"column":20},"end":{"line":40,"column":null}},"22":{"start":{"line":55,"column":0},"end":{"line":55,"column":20}}},"fnMap":{"0":{"name":"(anonymous_0)","decl":{"start":{"line":6,"column":13},"end":{"line":6,"column":16}},"loc":{"start":{"line":6,"column":18},"end":{"line":53,"column":1}}},"1":{"name":"(anonymous_1)","decl":{"start":{"line":12,"column":14},"end":{"line":12,"column":17}},"loc":{"start":{"line":12,"column":19},"end":{"line":31,"column":5}}},"2":{"name":"(anonymous_2)","decl":{"start":{"line":16,"column":12},"end":{"line":16,"column":13}},"loc":{"start":{"line":16,"column":24},"end":{"line":20,"column":13}}},"3":{"name":"(anonymous_3)","decl":{"start":{"line":18,"column":28},"end":{"line":18,"column":36}},"loc":{"start":{"line":18,"column":40},"end":{"line":18,"column":52}}},"4":{"name":"(anonymous_4)","decl":{"start":{"line":30,"column":15},"end":{"line":30,"column":18}},"loc":{"start":{"line":30,"column":21},"end":{"line":30,"column":42}}},"5":{"name":"(anonymous_5)","decl":{"start":{"line":38,"column":28},"end":{"line":38,"column":29}},"loc":{"start":{"line":39,"column":20},"end":{"line":40,"column":null}}}},"branchMap":{"0":{"loc":{"start":{"line":13,"column":8},"end":{"line":13,"column":62}},"type":"if","locations":[{"start":{"line":13,"column":8},"end":{"line":13,"column":62}}]},"1":{"loc":{"start":{"line":13,"column":12},"end":{"line":13,"column":53}},"type":"binary-expr","locations":[{"start":{"line":13,"column":12},"end":{"line":13,"column":30}},{"start":{"line":13,"column":34},"end":{"line":13,"column":42}},{"start":{"line":13,"column":46},"end":{"line":13,"column":53}}]},"2":{"loc":{"start":{"line":17,"column":16},"end":{"line":19,"column":17}},"type":"if","locations":[{"start":{"line":17,"column":16},"end":{"line":19,"column":17}}]},"3":{"loc":{"start":{"line":17,"column":20},"end":{"line":17,"column":69}},"type":"binary-expr","locations":[{"start":{"line":17,"column":20},"end":{"line":17,"column":46}},{"start":{"line":17,"column":50},"end":{"line":17,"column":57}},{"start":{"line":17,"column":61},"end":{"line":17,"column":69}}]},"4":{"loc":{"start":{"line":33,"column":4},"end":{"line":33,"column":48}},"type":"if","locations":[{"start":{"line":33,"column":4},"end":{"line":33,"column":48}}]},"5":{"loc":{"start":{"line":48,"column":13},"end":{"line":48,"column":57}},"type":"binary-expr","locations":[{"start":{"line":48,"column":13},"end":{"line":48,"column":20}},{"start":{"line":48,"column":24},"end":{"line":48,"column":57}}]}},"s":{"0":1,"1":1,"2":1,"3":1,"4":1,"5":4,"6":4,"7":4,"8":4,"9":4,"10":2,"11":2,"12":1,"13":1,"14":0,"15":2,"16":2,"17":2,"18":4,"19":1,"20":3,"21":3,"22":1},"f":{"0":4,"1":4,"2":1,"3":0,"4":2,"5":3},"b":{"0":[2],"1":[4,3,3],"2":[1],"3":[1,1,1],"4":[1],"5":[3,1]}}
,"C:\\Users\\Simon\\Desktop\\vinted Task\\infinite-scroll\\test\\mocks\\fileMock.js": {"path":"C:\\Users\\Simon\\Desktop\\vinted Task\\infinite-scroll\\test\\mocks\\fileMock.js","statementMap":{"0":{"start":{"line":1,"column":0},"end":{"line":4,"column":2}}},"fnMap":{},"branchMap":{},"s":{"0":3},"f":{},"b":{},"inputSourceMap":null,"_coverageSchema":"1a1c01bbd47fc00a2c39e90264f33305004495a9","hash":"52860f591e409d6c7234dcad2c1d93a3858eb044"}
}
