TN:
SF:src\App.tsx
FN:4,(anonymous_1)
FNF:1
FNH:1
FNDA:1,(anonymous_1)
DA:1,1
DA:2,1
DA:4,1
DA:5,1
DA:10,1
LF:5
LH:5
BRF:0
BRH:0
end_of_record
TN:
SF:src\components\PhotoCard\PhotoCard.tsx
FN:6,(anonymous_0)
FN:36,(anonymous_1)
FNF:2
FNH:2
FNDA:3,(anonymous_0)
FNDA:1,(anonymous_1)
DA:3,1
DA:6,1
DA:10,3
DA:36,1
DA:44,1
LF:5
LH:5
BRDA:23,0,0,3
BRDA:23,0,1,0
BRDA:29,1,0,3
BRDA:29,1,1,3
BRDA:37,2,0,1
BRDA:37,2,1,2
BRF:6
BRH:5
end_of_record
TN:
SF:src\hooks\API\useApi.ts
FN:14,(anonymous_0)
FN:17,(anonymous_1)
FN:47,(anonymous_2)
FNF:3
FNH:3
FNDA:3,(anonymous_0)
FNDA:3,(anonymous_1)
FNDA:3,(anonymous_2)
DA:1,1
DA:2,1
DA:14,1
DA:16,3
DA:18,3
DA:19,3
DA:20,3
DA:25,3
DA:31,2
DA:32,1
DA:33,1
DA:34,1
DA:37,1
DA:39,1
DA:40,1
DA:46,3
DA:48,3
DA:53,3
LF:18
LH:18
BRDA:14,0,0,0
BRDA:22,1,0,3
BRDA:22,1,1,0
BRDA:28,2,0,0
BRDA:28,2,1,3
BRDA:31,3,0,1
BRDA:33,4,0,1
BRDA:39,5,0,1
BRDA:47,6,0,0
BRDA:47,7,0,0
BRF:10
BRH:5
end_of_record
TN:
SF:src\hooks\FavouritePhotos\useFavouritePhotos.ts
FN:3,(anonymous_0)
FN:4,(anonymous_1)
FN:9,(anonymous_2)
FN:13,(anonymous_3)
FN:14,(anonymous_4)
FN:16,(anonymous_5)
FNF:6
FNH:6
FNDA:10,(anonymous_0)
FNDA:6,(anonymous_1)
FNDA:10,(anonymous_2)
FNDA:7,(anonymous_3)
FNDA:7,(anonymous_4)
FNDA:1,(anonymous_5)
DA:1,1
DA:3,1
DA:4,10
DA:5,6
DA:6,6
DA:9,10
DA:10,10
DA:13,10
DA:14,7
DA:15,7
DA:16,1
DA:21,10
LF:12
LH:12
BRDA:3,0,0,0
BRDA:6,1,0,2
BRDA:6,1,1,4
BRDA:15,2,0,1
BRDA:15,2,1,6
BRF:5
BRH:4
end_of_record
TN:
SF:src\hooks\InfinitePhotos\useInfinitePhotos.ts
FN:5,(anonymous_0)
FN:13,(anonymous_1)
FN:18,(anonymous_2)
FN:25,(anonymous_3)
FN:27,(anonymous_4)
FN:27,(anonymous_5)
FN:39,(anonymous_6)
FNF:7
FNH:6
FNDA:20,(anonymous_0)
FNDA:0,(anonymous_1)
FNDA:8,(anonymous_2)
FNDA:4,(anonymous_3)
FNDA:6,(anonymous_4)
FNDA:2,(anonymous_5)
FNDA:8,(anonymous_6)
DA:1,1
DA:3,1
DA:5,1
DA:6,20
DA:7,20
DA:8,20
DA:9,20
DA:10,20
DA:12,20
DA:14,0
DA:18,20
DA:19,8
DA:20,6
DA:22,6
DA:23,6
DA:24,6
DA:25,4
DA:26,4
DA:27,6
DA:29,4
DA:32,2
DA:35,6
DA:39,20
DA:40,8
DA:44,20
LF:25
LH:24
BRDA:5,0,0,20
BRDA:5,1,0,20
BRDA:14,2,0,0
BRDA:14,2,1,0
BRDA:19,3,0,2
BRDA:19,4,0,8
BRDA:19,4,1,7
BRDA:24,5,0,4
BRDA:24,5,1,2
BRDA:24,6,0,6
BRDA:24,6,1,5
BRDA:24,6,2,5
BRF:12
BRH:10
end_of_record
TN:
SF:src\pages\Home\Home.tsx
FN:6,(anonymous_0)
FN:12,(anonymous_1)
FN:16,(anonymous_2)
FN:18,(anonymous_3)
FN:30,(anonymous_4)
FN:38,(anonymous_5)
FNF:6
FNH:5
FNDA:4,(anonymous_0)
FNDA:4,(anonymous_1)
FNDA:1,(anonymous_2)
FNDA:0,(anonymous_3)
FNDA:2,(anonymous_4)
FNDA:3,(anonymous_5)
DA:1,1
DA:2,1
DA:3,1
DA:4,1
DA:6,1
DA:7,4
DA:9,4
DA:10,4
DA:12,4
DA:13,4
DA:15,2
DA:17,1
DA:18,1
DA:28,2
DA:30,2
DA:33,4
DA:35,3
DA:39,3
DA:55,1
LF:19
LH:19
BRDA:13,0,0,2
BRDA:13,1,0,4
BRDA:13,1,1,3
BRDA:13,1,2,3
BRDA:17,2,0,1
BRDA:17,3,0,1
BRDA:17,3,1,1
BRDA:17,3,2,1
BRDA:33,4,0,1
BRDA:48,5,0,3
BRDA:48,5,1,1
BRF:11
BRH:11
end_of_record
TN:
SF:test\mocks\fileMock.js
FNF:0
FNH:0
DA:1,3
LF:1
LH:1
BRF:0
BRH:0
end_of_record
